<?xml version="1.0" encoding="utf-8" standalone="no"?>
<!--This file represents the results of running a test suite-->
<test-results name="C:\WORKS\SoftLynx\google\trunk\ActiveRecord\NUnit-tests\activesql.nunit" total="39" errors="0" failures="0" not-run="0" inconclusive="3" ignored="0" skipped="0" invalid="0" date="2009-11-24" time="23:21:28">
  <environment nunit-version="2.5.2.9222" clr-version="2.0.50727.3053" os-version="Microsoft Windows NT 5.1.2600 Service Pack 2" platform="Win32NT" cwd="C:\WORKS\SoftLynx\google\trunk\ActiveRecord\NUnit-tests" machine-name="VOLKOV_AV" user="kot" user-domain="VOLKOV_AV" />
  <culture-info current-culture="ru-RU" current-uiculture="ru-RU" />
  <test-suite name="C:\WORKS\SoftLynx\google\trunk\ActiveRecord\NUnit-tests\activesql.nunit" executed="True" success="True" time="4.016" asserts="0">
    <results>
      <test-suite name="C:\WORKS\SoftLynx\google\trunk\ActiveRecord\NUnit-tests\bin\Debug\NUnit-tests.dll" executed="True" success="True" time="4.016" asserts="0">
        <results>
          <test-suite name="NUnit_tests" executed="True" success="True" time="4.000" asserts="0">
            <results>
              <test-suite name="Backends" executed="True" success="True" time="4.000" asserts="0">
                <results>
                  <test-suite name="Backend" executed="True" success="True" time="3.984" asserts="0">
                    <results>
                      <test-suite name="Backend(&quot;MSSQL&quot;,&quot;Server=localhost\SQLEXPRESS;Database=test;User Id=test;Password=test;Trusted_Connection=true&quot;)" executed="True" success="True" time="1.438" asserts="1">
                        <results>
                          <test-case name="NUnit_tests.Backends.Backend.T00_EmptyDB" description="Rest database to empty initial state" executed="True" success="True" time="0.031" asserts="0" />
                          <test-case name="NUnit_tests.Backends.Backend.T01_ConnectDB" description="Connects to database backend" executed="True" success="True" time="0.031" asserts="2" />
                          <test-case name="NUnit_tests.Backends.Backend.T02_WriteObjects" description="Write heap of objects to database" executed="True" success="True" time="0.328" asserts="1" />
                          <test-case name="NUnit_tests.Backends.Backend.T03_TransactionRollBack" description="Test transaction rollback properly" executed="True" success="True" time="0.016" asserts="1" />
                          <test-case name="NUnit_tests.Backends.Backend.T04_ReadObject" description="Read object back from DB" executed="True" success="True" time="0.000" asserts="1" />
                          <test-case name="NUnit_tests.Backends.Backend.T05_NestedEnumerator" description="Test nested select queries in separate connections" executed="True" success="True" time="0.188" asserts="101">
                            <properties>
                              <property name="Timeout" value="10000" />
                            </properties>
                          </test-case>
                          <test-case name="NUnit_tests.Backends.Backend.T06_TransactionalNestedEnumerator" description="Test nested select queries in separate connections" executed="True" success="True" time="0.172" asserts="101">
                            <properties>
                              <property name="Timeout" value="10000" />
                            </properties>
                          </test-case>
                          <test-case name="NUnit_tests.Backends.Backend.T07_WhereCondition" description="Select an object with where expression from DB" executed="True" success="True" time="0.000" asserts="1" />
                          <test-case name="NUnit_tests.Backends.Backend.T08_WhereLikeCondition" description="Select an object with where LIKE expression from DB" executed="True" success="True" time="0.031" asserts="1" />
                          <test-case name="NUnit_tests.Backends.Backend.T09_WhereLikeCaseInsensitive" description="Test is LIKE is case insensitive" executed="True" success="True" time="0.000" asserts="1" />
                          <test-case name="NUnit_tests.Backends.Backend.T10_WhereILikeCondition" description="Select an object with where ILIKE expression from DB" executed="True" success="False" time="0.016" asserts="0" />
                          <test-case name="NUnit_tests.Backends.Backend.T11_Serialization" description="Measure serialization speed" executed="True" success="True" time="0.578" asserts="1000" />
                          <test-case name="NUnit_tests.Backends.Backend.T12_AutoIncrement" description="Autoincrement facility" executed="True" success="True" time="0.016" asserts="2" />
                        </results>
                      </test-suite>
                      <test-suite name="Backend(&quot;PGSQL&quot;,&quot;host=localhost;Database=test;User Id=test;Password=test&quot;)" executed="True" success="True" time="1.578" asserts="1">
                        <results>
                          <test-case name="NUnit_tests.Backends.Backend.T00_EmptyDB" description="Rest database to empty initial state" executed="True" success="True" time="0.016" asserts="0" />
                          <test-case name="NUnit_tests.Backends.Backend.T01_ConnectDB" description="Connects to database backend" executed="True" success="True" time="0.125" asserts="2" />
                          <test-case name="NUnit_tests.Backends.Backend.T02_WriteObjects" description="Write heap of objects to database" executed="True" success="True" time="0.281" asserts="1" />
                          <test-case name="NUnit_tests.Backends.Backend.T03_TransactionRollBack" description="Test transaction rollback properly" executed="True" success="True" time="0.000" asserts="1" />
                          <test-case name="NUnit_tests.Backends.Backend.T04_ReadObject" description="Read object back from DB" executed="True" success="True" time="0.000" asserts="1" />
                          <test-case name="NUnit_tests.Backends.Backend.T05_NestedEnumerator" description="Test nested select queries in separate connections" executed="True" success="True" time="0.281" asserts="101">
                            <properties>
                              <property name="Timeout" value="10000" />
                            </properties>
                          </test-case>
                          <test-case name="NUnit_tests.Backends.Backend.T06_TransactionalNestedEnumerator" description="Test nested select queries in separate connections" executed="True" success="True" time="0.266" asserts="101">
                            <properties>
                              <property name="Timeout" value="10000" />
                            </properties>
                          </test-case>
                          <test-case name="NUnit_tests.Backends.Backend.T07_WhereCondition" description="Select an object with where expression from DB" executed="True" success="True" time="0.000" asserts="1" />
                          <test-case name="NUnit_tests.Backends.Backend.T08_WhereLikeCondition" description="Select an object with where LIKE expression from DB" executed="True" success="True" time="0.000" asserts="1" />
                          <test-case name="NUnit_tests.Backends.Backend.T09_WhereLikeCaseInsensitive" description="Test is LIKE is case insensitive" executed="True" success="False" time="0.016" asserts="0" />
                          <test-case name="NUnit_tests.Backends.Backend.T10_WhereILikeCondition" description="Select an object with where ILIKE expression from DB" executed="True" success="True" time="0.000" asserts="1" />
                          <test-case name="NUnit_tests.Backends.Backend.T11_Serialization" description="Measure serialization speed" executed="True" success="True" time="0.547" asserts="1000" />
                          <test-case name="NUnit_tests.Backends.Backend.T12_AutoIncrement" description="Autoincrement facility" executed="True" success="True" time="0.016" asserts="2" />
                        </results>
                      </test-suite>
                      <test-suite name="Backend(&quot;SQLITE&quot;,&quot;Data Source = c:\temp\test.db3;BinaryGUID=FALSE;&quot;)" executed="True" success="True" time="0.969" asserts="1">
                        <results>
                          <test-case name="NUnit_tests.Backends.Backend.T00_EmptyDB" description="Rest database to empty initial state" executed="True" success="True" time="0.000" asserts="0" />
                          <test-case name="NUnit_tests.Backends.Backend.T01_ConnectDB" description="Connects to database backend" executed="True" success="True" time="0.031" asserts="2" />
                          <test-case name="NUnit_tests.Backends.Backend.T02_WriteObjects" description="Write heap of objects to database" executed="True" success="True" time="0.078" asserts="1" />
                          <test-case name="NUnit_tests.Backends.Backend.T03_TransactionRollBack" description="Test transaction rollback properly" executed="True" success="True" time="0.000" asserts="1" />
                          <test-case name="NUnit_tests.Backends.Backend.T04_ReadObject" description="Read object back from DB" executed="True" success="True" time="0.000" asserts="1" />
                          <test-case name="NUnit_tests.Backends.Backend.T05_NestedEnumerator" description="Test nested select queries in separate connections" executed="True" success="True" time="0.094" asserts="101">
                            <properties>
                              <property name="Timeout" value="10000" />
                            </properties>
                          </test-case>
                          <test-case name="NUnit_tests.Backends.Backend.T06_TransactionalNestedEnumerator" description="Test nested select queries in separate connections" executed="True" success="True" time="0.109" asserts="101">
                            <properties>
                              <property name="Timeout" value="10000" />
                            </properties>
                          </test-case>
                          <test-case name="NUnit_tests.Backends.Backend.T07_WhereCondition" description="Select an object with where expression from DB" executed="True" success="True" time="0.000" asserts="1" />
                          <test-case name="NUnit_tests.Backends.Backend.T08_WhereLikeCondition" description="Select an object with where LIKE expression from DB" executed="True" success="True" time="0.000" asserts="1" />
                          <test-case name="NUnit_tests.Backends.Backend.T09_WhereLikeCaseInsensitive" description="Test is LIKE is case insensitive" executed="True" success="True" time="0.000" asserts="1" />
                          <test-case name="NUnit_tests.Backends.Backend.T10_WhereILikeCondition" description="Select an object with where ILIKE expression from DB" executed="True" success="False" time="0.031" asserts="0" />
                          <test-case name="NUnit_tests.Backends.Backend.T11_Serialization" description="Measure serialization speed" executed="True" success="True" time="0.594" asserts="1000" />
                          <test-case name="NUnit_tests.Backends.Backend.T12_AutoIncrement" description="Autoincrement facility" executed="True" success="True" time="0.000" asserts="2" />
                        </results>
                      </test-suite>
                    </results>
                  </test-suite>
                </results>
              </test-suite>
            </results>
          </test-suite>
        </results>
      </test-suite>
    </results>
  </test-suite>
</test-results>